<?xml version="1.0" encoding="UTF-8"?>
<testsuite name="Run test scripts on Chrome"
           tests="6"
           failures="0"
           errors="0"
           skipped="0"
           time="41.868">
  <properties />
  
  
            <testcase name="TC_01_CheckGoToTravelResultsPage" time="3.917" classname="gobear.travel.search.TestScript" />
                <testcase name="TC_03_CheckSearchTravelByFilterOption" time="7.456" classname="gobear.travel.search.TestScript" />
                <testcase name="TC_04_CheckSearchTravelBySortOption" time="0.374" classname="gobear.travel.search.TestScript" />
                <testcase name="TC_05_CheckSearchTravelByDetailsOption" time="10.361" classname="gobear.travel.search.TestScript" />
                <testcase name="TC_06_VerifySearchMenuIsFunctional" time="15.012" classname="gobear.travel.search.TestScript" />
                <testcase name="TC_02_CheckAtLeastThreeCardsDisplayed" time="4.748" classname="gobear.travel.search.TestScript" />
      
</testsuite>
